<?xml version="1.0" encoding="UTF-8"?>
<!-- Generated by org.testng.reporters.JUnitReportReporter -->
<testsuite hostname="ABIMOHAN" failures="0" tests="1" name="lmsTestCases.VerifyMyAccountNav" time="0.910" errors="0" timestamp="2020-12-22T21:24:25 IST" skipped="0">
  <testcase classname="lmsTestCases.VerifyMyAccountNav" name="lmsMyAccTest" time="0.910"/>
  <system-out>
Clicking the my account in the Nav bar :  Asserting the title : My Account – Alchemy LMS  </system-out>
</testsuite> <!-- lmsTestCases.VerifyMyAccountNav -->
