<?xml version="1.0" encoding="UTF-8"?>
<!-- Generated by org.testng.reporters.JUnitReportReporter -->
<testsuite hostname="ABIMOHAN" failures="0" tests="1" name="lmsTestCases.VerifyCompleteLesson_9" time="5.241" errors="0" timestamp="2020-12-24T11:30:41 IST" skipped="0">
  <testcase classname="lmsTestCases.VerifyCompleteLesson_9" name="lmsCompleteLessonTest" time="5.241"/>
  <system-out>
Finding all courses and clicking Clicking on the 1st lession Retirving the lesson title and asserting Social Media Marketing – Alchemy LMS Logging in to check the course Clicking on the expand and lesson Mark Complete Clicked  </system-out>
</testsuite> <!-- lmsTestCases.VerifyCompleteLesson_9 -->
