<?xml version="1.0" encoding="UTF-8"?>
<testng-results ignored="0" total="1" passed="1" failed="0" skipped="0">
  <reporter-output>
    <line>
      <![CDATA[Finding all courses and clicking]]>
    </line>
    <line>
      <![CDATA[Clicking on the 1st lession]]>
    </line>
    <line>
      <![CDATA[Retirving the lesson title and asserting Social Media Marketing – Alchemy LMS]]>
    </line>
    <line>
      <![CDATA[Logging in to check the course]]>
    </line>
    <line>
      <![CDATA[Clicking on the expand and lesson]]>
    </line>
    <line>
      <![CDATA[Mark Complete Clicked]]>
    </line>
  </reporter-output>
  <suite started-at="2020-12-24T11:30:26 IST" name="Default suite" finished-at="2020-12-24T11:30:41 IST" duration-ms="14896">
    <groups>
    </groups>
    <test started-at="2020-12-24T11:30:26 IST" name="Default test" finished-at="2020-12-24T11:30:41 IST" duration-ms="14896">
      <class name="lmsTestCases.VerifyCompleteLesson_9">
        <test-method is-config="true" signature="beforeClass()[pri:0, instance:lmsTestCases.VerifyCompleteLesson_9@c03cf28]" started-at="2020-12-24T11:30:26 IST" name="beforeClass" finished-at="2020-12-24T11:30:35 IST" duration-ms="9592" status="PASS">
          <reporter-output>
          </reporter-output>
        </test-method> <!-- beforeClass -->
        <test-method signature="lmsCompleteLessonTest()[pri:0, instance:lmsTestCases.VerifyCompleteLesson_9@c03cf28]" started-at="2020-12-24T11:30:35 IST" name="lmsCompleteLessonTest" finished-at="2020-12-24T11:30:41 IST" duration-ms="5241" status="PASS">
          <reporter-output>
            <line>
              <![CDATA[Finding all courses and clicking]]>
            </line>
            <line>
              <![CDATA[Clicking on the 1st lession]]>
            </line>
            <line>
              <![CDATA[Retirving the lesson title and asserting Social Media Marketing – Alchemy LMS]]>
            </line>
            <line>
              <![CDATA[Logging in to check the course]]>
            </line>
            <line>
              <![CDATA[Clicking on the expand and lesson]]>
            </line>
            <line>
              <![CDATA[Mark Complete Clicked]]>
            </line>
          </reporter-output>
        </test-method> <!-- lmsCompleteLessonTest -->
        <test-method is-config="true" signature="afterClass()[pri:0, instance:lmsTestCases.VerifyCompleteLesson_9@c03cf28]" started-at="2020-12-24T11:30:41 IST" name="afterClass" finished-at="2020-12-24T11:30:41 IST" duration-ms="1" status="PASS">
          <reporter-output>
          </reporter-output>
        </test-method> <!-- afterClass -->
      </class> <!-- lmsTestCases.VerifyCompleteLesson_9 -->
    </test> <!-- Default test -->
  </suite> <!-- Default suite -->
</testng-results>
